<?xml version="1.0" encoding="UTF-8"?>
<robot generator="Robot 5.0.1 (Python 3.8.8 on win32)" generated="20220610 16:14:23.928" rpa="false" schemaversion="3">
<suite id="s1" name="TC001" source="C:\Users\alfan\PycharmProjects\vouchtt2022\tc\TC001.robot">
<test id="s1-t1" name="TC-000_Browser_Setup" line="19">
<kw name="Open Browser" library="SeleniumLibrary">
<arg>https://vouch-public.github.io/sdet-interview/</arg>
<arg>Chrome</arg>
<doc>Opens a new browser instance to the optional ``url``.</doc>
<msg timestamp="20220610 16:14:24.100" level="INFO">Opening browser 'Chrome' to base url 'https://vouch-public.github.io/sdet-interview/'.</msg>
<status status="PASS" starttime="20220610 16:14:24.100" endtime="20220610 16:14:27.149"/>
</kw>
<kw name="Maximize Browser Window" library="SeleniumLibrary">
<doc>Maximizes current browser window.</doc>
<status status="PASS" starttime="20220610 16:14:27.150" endtime="20220610 16:14:27.277"/>
</kw>
<kw name="Sleep" library="BuiltIn">
<arg>5</arg>
<doc>Pauses the test executed for the given time.</doc>
<msg timestamp="20220610 16:14:32.288" level="INFO">Slept 5 seconds</msg>
<status status="PASS" starttime="20220610 16:14:27.278" endtime="20220610 16:14:32.288"/>
</kw>
<status status="PASS" starttime="20220610 16:14:24.100" endtime="20220610 16:14:32.288"/>
</test>
<test id="s1-t2" name="TC-001_Chat_Open_Button" line="24">
<kw name="Click Element" library="SeleniumLibrary">
<arg>${widget_open_btn_loc}</arg>
<doc>Click the element identified by ``locator``.</doc>
<msg timestamp="20220610 16:14:32.291" level="INFO">Clicking element 'id:widget-activator'.</msg>
<status status="PASS" starttime="20220610 16:14:32.290" endtime="20220610 16:14:32.342"/>
</kw>
<kw name="Sleep" library="BuiltIn">
<arg>2</arg>
<doc>Pauses the test executed for the given time.</doc>
<msg timestamp="20220610 16:14:34.358" level="INFO">Slept 2 seconds</msg>
<status status="PASS" starttime="20220610 16:14:32.343" endtime="20220610 16:14:34.358"/>
</kw>
<kw name="Select Frame" library="SeleniumLibrary">
<arg>${widget_frame_loc}</arg>
<doc>Sets frame identified by ``locator`` as the current frame.</doc>
<msg timestamp="20220610 16:14:34.358" level="INFO">Selecting frame 'id:vc-chat-iframe'.</msg>
<status status="PASS" starttime="20220610 16:14:34.358" endtime="20220610 16:14:34.380"/>
</kw>
<kw name="Sleep" library="BuiltIn">
<arg>3</arg>
<doc>Pauses the test executed for the given time.</doc>
<msg timestamp="20220610 16:14:37.382" level="INFO">Slept 3 seconds</msg>
<status status="PASS" starttime="20220610 16:14:34.380" endtime="20220610 16:14:37.382"/>
</kw>
<kw name="Element Should Be Visible" library="SeleniumLibrary">
<arg>${widget_open_img_loc}</arg>
<doc>Verifies that the element identified by ``locator`` is visible.</doc>
<msg timestamp="20220610 16:14:37.425" level="INFO">Element 'xpath://*[@id="app"]/div/div[1]/div' is displayed.</msg>
<status status="PASS" starttime="20220610 16:14:37.384" endtime="20220610 16:14:37.425"/>
</kw>
<kw name="Sleep" library="BuiltIn">
<arg>3</arg>
<doc>Pauses the test executed for the given time.</doc>
<msg timestamp="20220610 16:14:40.429" level="INFO">Slept 3 seconds</msg>
<status status="PASS" starttime="20220610 16:14:37.426" endtime="20220610 16:14:40.429"/>
</kw>
<status status="PASS" starttime="20220610 16:14:32.290" endtime="20220610 16:14:40.429"/>
</test>
<test id="s1-t3" name="TC-002_Chat_Panel_Title_Check" line="37">
<kw name="Element Should Contain" library="SeleniumLibrary">
<arg>${widget_title_loc}</arg>
<arg>Vouch Widget</arg>
<doc>Verifies that element ``locator`` contains text ``expected``.</doc>
<msg timestamp="20220610 16:14:40.450" level="INFO">Element 'xpath://*[@id="app"]/div/div[1]/div/div[2]' contains text 'Vouch Widget'.</msg>
<status status="PASS" starttime="20220610 16:14:40.431" endtime="20220610 16:14:40.450"/>
</kw>
<status status="PASS" starttime="20220610 16:14:40.431" endtime="20220610 16:14:40.450"/>
</test>
<test id="s1-t4" name="TC-003_Chat_Panel_Minimize_Button" line="41">
<kw name="Click Element" library="SeleniumLibrary">
<arg>${widget_minimize_btn_loc}</arg>
<doc>Click the element identified by ``locator``.</doc>
<msg timestamp="20220610 16:14:40.452" level="INFO">Clicking element 'xpath://*[@id="app"]/div/div[1]/div/div[3]'.</msg>
<status status="PASS" starttime="20220610 16:14:40.452" endtime="20220610 16:14:40.523"/>
</kw>
<kw name="Sleep" library="BuiltIn">
<arg>2</arg>
<doc>Pauses the test executed for the given time.</doc>
<msg timestamp="20220610 16:14:42.525" level="INFO">Slept 2 seconds</msg>
<status status="PASS" starttime="20220610 16:14:40.523" endtime="20220610 16:14:42.525"/>
</kw>
<kw name="Element Should Not Be Visible" library="SeleniumLibrary">
<arg>${widget_title_loc}</arg>
<doc>Verifies that the element identified by ``locator`` is NOT visible.</doc>
<msg timestamp="20220610 16:14:42.556" level="INFO">Element 'xpath://*[@id="app"]/div/div[1]/div/div[2]' exists but is not displayed.</msg>
<status status="PASS" starttime="20220610 16:14:42.526" endtime="20220610 16:14:42.556"/>
</kw>
<status status="PASS" starttime="20220610 16:14:40.452" endtime="20220610 16:14:42.557"/>
</test>
<test id="s1-t5" name="TC-004_Get_Started_Button_Should_Start_Conversation" line="49">
<kw name="Unselect Frame" library="SeleniumLibrary">
<doc>Sets the main frame as the current frame.</doc>
<status status="PASS" starttime="20220610 16:14:42.560" endtime="20220610 16:14:42.564"/>
</kw>
<kw name="Delete All Cookies" library="SeleniumLibrary">
<doc>Deletes all cookies.</doc>
<status status="PASS" starttime="20220610 16:14:42.564" endtime="20220610 16:14:42.568"/>
</kw>
<kw name="Execute Javascript" library="SeleniumLibrary">
<arg>localStorage.clear();</arg>
<doc>Executes the given JavaScript code with possible arguments.</doc>
<msg timestamp="20220610 16:14:42.569" level="INFO">Executing JavaScript:
localStorage.clear();
Without any arguments.</msg>
<status status="PASS" starttime="20220610 16:14:42.569" endtime="20220610 16:14:42.572"/>
</kw>
<kw name="Click Element" library="SeleniumLibrary">
<arg>${widget_open_btn_loc}</arg>
<doc>Click the element identified by ``locator``.</doc>
<msg timestamp="20220610 16:14:42.573" level="INFO">Clicking element 'id:widget-activator'.</msg>
<status status="PASS" starttime="20220610 16:14:42.573" endtime="20220610 16:14:42.596"/>
</kw>
<kw name="Sleep" library="BuiltIn">
<arg>2</arg>
<doc>Pauses the test executed for the given time.</doc>
<msg timestamp="20220610 16:14:44.606" level="INFO">Slept 2 seconds</msg>
<status status="PASS" starttime="20220610 16:14:42.596" endtime="20220610 16:14:44.607"/>
</kw>
<kw name="Select Frame" library="SeleniumLibrary">
<arg>${widget_frame_loc}</arg>
<doc>Sets frame identified by ``locator`` as the current frame.</doc>
<msg timestamp="20220610 16:14:44.609" level="INFO">Selecting frame 'id:vc-chat-iframe'.</msg>
<status status="PASS" starttime="20220610 16:14:44.608" endtime="20220610 16:14:44.664"/>
</kw>
<kw name="Sleep" library="BuiltIn">
<arg>3</arg>
<doc>Pauses the test executed for the given time.</doc>
<msg timestamp="20220610 16:14:47.669" level="INFO">Slept 3 seconds</msg>
<status status="PASS" starttime="20220610 16:14:44.665" endtime="20220610 16:14:47.669"/>
</kw>
<kw name="Click Element" library="SeleniumLibrary">
<arg>${widget_get_started_btn_loc}</arg>
<doc>Click the element identified by ``locator``.</doc>
<msg timestamp="20220610 16:14:47.672" level="INFO">Clicking element 'xpath://*[@id="app"]/div/div[3]/div/div'.</msg>
<status status="PASS" starttime="20220610 16:14:47.671" endtime="20220610 16:14:47.733"/>
</kw>
<kw name="Sleep" library="BuiltIn">
<arg>5</arg>
<doc>Pauses the test executed for the given time.</doc>
<msg timestamp="20220610 16:14:52.747" level="INFO">Slept 5 seconds</msg>
<status status="PASS" starttime="20220610 16:14:47.734" endtime="20220610 16:14:52.747"/>
</kw>
<kw name="Wait Until Element Is Visible" library="SeleniumLibrary">
<arg>${widget_last_msg_bot_loc}</arg>
<doc>Waits until the element ``locator`` is visible.</doc>
<status status="PASS" starttime="20220610 16:14:52.750" endtime="20220610 16:14:52.777"/>
</kw>
<kw name="Element Text Should Not Be" library="SeleniumLibrary">
<arg>${widget_last_msg_bot_loc}</arg>
<arg>${EMPTY}</arg>
<doc>Verifies that element ``locator`` does not contain exact the text ``not_expected``.</doc>
<msg timestamp="20220610 16:14:52.779" level="INFO">Verifying element 'xpath:(//div[@class="vc-message-text-bubble"])[last()]' does not contain exact text ''.</msg>
<status status="PASS" starttime="20220610 16:14:52.778" endtime="20220610 16:14:52.795"/>
</kw>
<kw name="Element Should Contain" library="SeleniumLibrary">
<arg>${widget_last_msg_bot_loc}</arg>
<arg>Hi! How are you?</arg>
<doc>Verifies that element ``locator`` contains text ``expected``.</doc>
<msg timestamp="20220610 16:14:52.808" level="INFO">Element 'xpath:(//div[@class="vc-message-text-bubble"])[last()]' contains text 'Hi! How are you?'.</msg>
<status status="PASS" starttime="20220610 16:14:52.795" endtime="20220610 16:14:52.808"/>
</kw>
<status status="PASS" starttime="20220610 16:14:42.559" endtime="20220610 16:14:52.809"/>
</test>
<test id="s1-t6" name="TC-005_Sending_Hello_Message" line="74">
<kw name="Input Text" library="SeleniumLibrary">
<arg>${widget_input_loc}</arg>
<arg>hello</arg>
<doc>Types the given ``text`` into the text field identified by ``locator``.</doc>
<msg timestamp="20220610 16:14:52.811" level="INFO">Typing text 'hello' into text field 'xpath://*[@id="app"]/div/div[3]/div/div[1]/input'.</msg>
<status status="PASS" starttime="20220610 16:14:52.811" endtime="20220610 16:14:52.873"/>
</kw>
<kw name="Press Keys" library="SeleniumLibrary">
<arg>${widget_input_loc}</arg>
<arg>\ue006</arg>
<doc>Simulates the user pressing key(s) to an element or on the active browser.</doc>
<msg timestamp="20220610 16:14:52.874" level="INFO">Sending key(s) ('\ue006',) to xpath://*[@id="app"]/div/div[3]/div/div[1]/input element.</msg>
<msg timestamp="20220610 16:14:53.161" level="INFO">Sending key </msg>
<status status="PASS" starttime="20220610 16:14:52.874" endtime="20220610 16:14:53.183"/>
</kw>
<kw name="Sleep" library="BuiltIn">
<arg>4</arg>
<doc>Pauses the test executed for the given time.</doc>
<msg timestamp="20220610 16:14:57.190" level="INFO">Slept 4 seconds</msg>
<status status="PASS" starttime="20220610 16:14:53.184" endtime="20220610 16:14:57.190"/>
</kw>
<kw name="Element Should Contain" library="SeleniumLibrary">
<arg>${widget_last_msg_bot_loc}</arg>
<arg>hello!</arg>
<doc>Verifies that element ``locator`` contains text ``expected``.</doc>
<msg timestamp="20220610 16:14:57.333" level="INFO" html="true">&lt;/td&gt;&lt;/tr&gt;&lt;tr&gt;&lt;td colspan="3"&gt;&lt;a href="selenium-screenshot-1.png"&gt;&lt;img src="selenium-screenshot-1.png" width="800px"&gt;&lt;/a&gt;</msg>
<msg timestamp="20220610 16:14:57.333" level="FAIL">Element 'xpath:(//div[@class="vc-message-text-bubble"])[last()]' should have contained text 'hello!' but its text was 'You probably want to redirect them to another appropriate block.'.</msg>
<status status="FAIL" starttime="20220610 16:14:57.192" endtime="20220610 16:14:57.334"/>
</kw>
<status status="FAIL" starttime="20220610 16:14:52.810" endtime="20220610 16:14:57.335">Element 'xpath:(//div[@class="vc-message-text-bubble"])[last()]' should have contained text 'hello!' but its text was 'You probably want to redirect them to another appropriate block.'.</status>
</test>
<test id="s1-t7" name="TC-006_Click_Bottom_Button_Should_Trigger_Message" line="83">
<kw name="Click Element" library="SeleniumLibrary">
<arg>${widget_hello_btn_loc}</arg>
<doc>Click the element identified by ``locator``.</doc>
<msg timestamp="20220610 16:14:57.337" level="INFO">Clicking element 'xpath://span[@class="material-design-icon wrench-icon"]'.</msg>
<status status="PASS" starttime="20220610 16:14:57.337" endtime="20220610 16:14:57.393"/>
</kw>
<kw name="Sleep" library="BuiltIn">
<arg>3</arg>
<doc>Pauses the test executed for the given time.</doc>
<msg timestamp="20220610 16:15:00.406" level="INFO">Slept 3 seconds</msg>
<status status="PASS" starttime="20220610 16:14:57.393" endtime="20220610 16:15:00.406"/>
</kw>
<kw name="Element Text Should Be" library="SeleniumLibrary">
<arg>${widget_last_msg_me_loc}</arg>
<arg>Hello</arg>
<doc>Verifies that element ``locator`` contains exact the text ``expected``.</doc>
<msg timestamp="20220610 16:15:00.407" level="INFO">Verifying element 'xpath:(//div[@class="vc-message-text-bubble me"])[last()]' contains exact text 'Hello'.</msg>
<status status="PASS" starttime="20220610 16:15:00.407" endtime="20220610 16:15:00.428"/>
</kw>
<kw name="Sleep" library="BuiltIn">
<arg>3</arg>
<doc>Pauses the test executed for the given time.</doc>
<msg timestamp="20220610 16:15:03.444" level="INFO">Slept 3 seconds</msg>
<status status="PASS" starttime="20220610 16:15:00.428" endtime="20220610 16:15:03.444"/>
</kw>
<kw name="Element Text Should Be" library="SeleniumLibrary">
<arg>${widget_last_msg_bot_loc}</arg>
<arg>hello!</arg>
<doc>Verifies that element ``locator`` contains exact the text ``expected``.</doc>
<msg timestamp="20220610 16:15:03.445" level="INFO">Verifying element 'xpath:(//div[@class="vc-message-text-bubble"])[last()]' contains exact text 'hello!'.</msg>
<status status="PASS" starttime="20220610 16:15:03.444" endtime="20220610 16:15:03.459"/>
</kw>
<status status="PASS" starttime="20220610 16:14:57.336" endtime="20220610 16:15:03.460"/>
</test>
<test id="s1-t8" name="TC-007_Widget_Should_Reply_With_What" line="95">
<kw name="Element Should Be Visible" library="SeleniumLibrary">
<arg>${widget_what_btn_loc}</arg>
<doc>Verifies that the element identified by ``locator`` is visible.</doc>
<msg timestamp="20220610 16:15:03.477" level="INFO">Element 'xpath://div[@class="message-button"][text()=" What "]' is displayed.</msg>
<status status="PASS" starttime="20220610 16:15:03.462" endtime="20220610 16:15:03.477"/>
</kw>
<kw name="Click Element" library="SeleniumLibrary">
<arg>${widget_what_btn_loc}</arg>
<doc>Click the element identified by ``locator``.</doc>
<msg timestamp="20220610 16:15:03.478" level="INFO">Clicking element 'xpath://div[@class="message-button"][text()=" What "]'.</msg>
<status status="PASS" starttime="20220610 16:15:03.478" endtime="20220610 16:15:03.540"/>
</kw>
<kw name="Sleep" library="BuiltIn">
<arg>5</arg>
<doc>Pauses the test executed for the given time.</doc>
<msg timestamp="20220610 16:15:08.542" level="INFO">Slept 5 seconds</msg>
<status status="PASS" starttime="20220610 16:15:03.541" endtime="20220610 16:15:08.542"/>
</kw>
<kw name="Element Text Should Be" library="SeleniumLibrary">
<arg>${widget_last_msg_bot_loc}</arg>
<arg>what ?</arg>
<doc>Verifies that element ``locator`` contains exact the text ``expected``.</doc>
<msg timestamp="20220610 16:15:08.545" level="INFO">Verifying element 'xpath:(//div[@class="vc-message-text-bubble"])[last()]' contains exact text 'what ?'.</msg>
<status status="PASS" starttime="20220610 16:15:08.544" endtime="20220610 16:15:08.590"/>
</kw>
<status status="PASS" starttime="20220610 16:15:03.462" endtime="20220610 16:15:08.591"/>
</test>
<test id="s1-t9" name="TC-008_Widget_Retains_Conversation" line="104">
<kw name="Reload Page" library="SeleniumLibrary">
<doc>Simulates user reloading page.</doc>
<status status="PASS" starttime="20220610 16:15:08.591" endtime="20220610 16:15:08.600"/>
</kw>
<kw name="Sleep" library="BuiltIn">
<arg>3</arg>
<doc>Pauses the test executed for the given time.</doc>
<msg timestamp="20220610 16:15:11.601" level="INFO">Slept 3 seconds</msg>
<status status="PASS" starttime="20220610 16:15:08.600" endtime="20220610 16:15:11.601"/>
</kw>
<kw name="Wait Until Element Is Visible" library="SeleniumLibrary">
<arg>${widget_open_btn_loc}</arg>
<doc>Waits until the element ``locator`` is visible.</doc>
<status status="PASS" starttime="20220610 16:15:11.602" endtime="20220610 16:15:11.666"/>
</kw>
<kw name="Click Element" library="SeleniumLibrary">
<arg>${widget_open_btn_loc}</arg>
<doc>Click the element identified by ``locator``.</doc>
<msg timestamp="20220610 16:15:11.668" level="INFO">Clicking element 'id:widget-activator'.</msg>
<status status="PASS" starttime="20220610 16:15:11.667" endtime="20220610 16:15:11.703"/>
</kw>
<kw name="Sleep" library="BuiltIn">
<arg>2</arg>
<doc>Pauses the test executed for the given time.</doc>
<msg timestamp="20220610 16:15:13.711" level="INFO">Slept 2 seconds</msg>
<status status="PASS" starttime="20220610 16:15:11.704" endtime="20220610 16:15:13.711"/>
</kw>
<kw name="Select Frame" library="SeleniumLibrary">
<arg>${widget_frame_loc}</arg>
<doc>Sets frame identified by ``locator`` as the current frame.</doc>
<msg timestamp="20220610 16:15:13.714" level="INFO">Selecting frame 'id:vc-chat-iframe'.</msg>
<status status="PASS" starttime="20220610 16:15:13.713" endtime="20220610 16:15:13.743"/>
</kw>
<kw name="Sleep" library="BuiltIn">
<arg>6</arg>
<doc>Pauses the test executed for the given time.</doc>
<msg timestamp="20220610 16:15:19.752" level="INFO">Slept 6 seconds</msg>
<status status="PASS" starttime="20220610 16:15:13.743" endtime="20220610 16:15:19.752"/>
</kw>
<kw name="Element Text Should Be" library="SeleniumLibrary">
<arg>${widget_last_msg_me_loc}</arg>
<arg>What</arg>
<doc>Verifies that element ``locator`` contains exact the text ``expected``.</doc>
<msg timestamp="20220610 16:15:19.754" level="INFO">Verifying element 'xpath:(//div[@class="vc-message-text-bubble me"])[last()]' contains exact text 'What'.</msg>
<status status="PASS" starttime="20220610 16:15:19.753" endtime="20220610 16:15:19.784"/>
</kw>
<kw name="Element Text Should Be" library="SeleniumLibrary">
<arg>${widget_last_msg_bot_loc}</arg>
<arg>what ?</arg>
<doc>Verifies that element ``locator`` contains exact the text ``expected``.</doc>
<msg timestamp="20220610 16:15:19.785" level="INFO">Verifying element 'xpath:(//div[@class="vc-message-text-bubble"])[last()]' contains exact text 'what ?'.</msg>
<status status="PASS" starttime="20220610 16:15:19.784" endtime="20220610 16:15:19.801"/>
</kw>
<status status="PASS" starttime="20220610 16:15:08.591" endtime="20220610 16:15:19.802"/>
</test>
<test id="s1-t10" name="TC-ZZZ_Browser_Close" line="122">
<kw name="Close Browser" library="SeleniumLibrary">
<doc>Closes the current browser.</doc>
<status status="PASS" starttime="20220610 16:15:19.803" endtime="20220610 16:15:21.914"/>
</kw>
<status status="PASS" starttime="20220610 16:15:19.803" endtime="20220610 16:15:21.915"/>
</test>
<status status="FAIL" starttime="20220610 16:14:23.929" endtime="20220610 16:15:21.917"/>
</suite>
<statistics>
<total>
<stat pass="9" fail="1" skip="0">All Tests</stat>
</total>
<tag>
</tag>
<suite>
<stat pass="9" fail="1" skip="0" id="s1" name="TC001">TC001</stat>
</suite>
</statistics>
<errors>
</errors>
</robot>
